=== Speculative MPC: CartPole Training ===
Job ID: 12518932
Node: udc-an38-1
GPU: NVIDIA RTX A6000
Start: Tue May  5 02:10:29 EDT 2026
Device: cuda
Collecting CartPole data...
Collected 2149 transitions

=== Training Target RSSM ===
Target params: 83,225
Epoch 10/50 | Loss: 0.1134 | KL: 0.0876 | Reward: 0.0257
Epoch 20/50 | Loss: 0.0440 | KL: 0.0411 | Reward: 0.0029
Epoch 30/50 | Loss: 0.0234 | KL: 0.0215 | Reward: 0.0018
Epoch 40/50 | Loss: 0.0146 | KL: 0.0133 | Reward: 0.0013
Epoch 50/50 | Loss: 0.0094 | KL: 0.0085 | Reward: 0.0009

=== Distilling Draft RSSM ===
Draft params: 1,597 (1.9% of target)
Distill Epoch 10/30 | Alignment Loss: 0.8733
Distill Epoch 20/30 | Alignment Loss: 0.7760
Distill Epoch 30/30 | Alignment Loss: 0.7405

=== Benchmarking Speculative Decoding ===
End: Tue May  5 02:10:59 EDT 2026
